C:\Program Files (x86)\Microsoft Visual Studio\2017\Community\Common7\IDE\VC\VCTargets\Microsoft.CppBuild.targets(377,5): warning MSB8004: Output Directory does not end with a trailing slash.  This build instance will add the slash as it is required to allow proper evaluation of the Output Directory.
  dreamcast.cpp
f:\coding\samodding\shinyjewel\shinyjewelsadx\old\sadxfunctions.h(2347): warning C4229: anachronism used: modifiers on data are ignored
f:\coding\samodding\shinyjewel\shinyjewelsadx\old\sadxfunctions.h(2348): warning C4229: anachronism used: modifiers on data are ignored
f:\coding\samodding\shinyjewel\shinyjewelsadx\old\sadxfunctions.h(2349): warning C4229: anachronism used: modifiers on data are ignored
f:\coding\samodding\shinyjewel\shinyjewelsadx\old\sadxfunctions.h(2350): warning C4229: anachronism used: modifiers on data are ignored
f:\coding\samodding\shinyjewel\shinyjewelsadx\shinyjewelsadx\kinder\classroom.h(5): warning C4229: anachronism used: modifiers on data are ignored
f:\coding\samodding\shinyjewel\shinyjewelsadx\shinyjewelsadx\chao.h(38): warning C4229: anachronism used: modifiers on data are ignored
f:\coding\samodding\shinyjewel\shinyjewelsadx\shinyjewelsadx\chao.h(44): warning C4229: anachronism used: modifiers on data are ignored
f:\coding\samodding\shinyjewel\shinyjewelsadx\shinyjewelsadx\chao.h(45): warning C4229: anachronism used: modifiers on data are ignored
f:\coding\samodding\shinyjewel\shinyjewelsadx\shinyjewelsadx\chao.h(46): warning C4229: anachronism used: modifiers on data are ignored
f:\coding\samodding\shinyjewel\shinyjewelsadx\shinyjewelsadx\chao.h(47): warning C4229: anachronism used: modifiers on data are ignored
f:\coding\samodding\shinyjewel\shinyjewelsadx\shinyjewelsadx\chao.h(48): warning C4229: anachronism used: modifiers on data are ignored
f:\coding\samodding\shinyjewel\shinyjewelsadx\shinyjewelsadx\chao.h(49): warning C4229: anachronism used: modifiers on data are ignored
f:\coding\samodding\shinyjewel\shinyjewelsadx\shinyjewelsadx\chao.h(50): warning C4229: anachronism used: modifiers on data are ignored
f:\coding\samodding\shinyjewel\shinyjewelsadx\shinyjewelsadx\chao.h(51): warning C4229: anachronism used: modifiers on data are ignored
f:\coding\samodding\shinyjewel\shinyjewelsadx\shinyjewelsadx\chao.h(52): warning C4229: anachronism used: modifiers on data are ignored
f:\coding\samodding\shinyjewel\shinyjewelsadx\shinyjewelsadx\chao.h(53): warning C4229: anachronism used: modifiers on data are ignored
f:\coding\samodding\shinyjewel\shinyjewelsadx\shinyjewelsadx\chao.h(54): warning C4229: anachronism used: modifiers on data are ignored
f:\coding\samodding\shinyjewel\shinyjewelsadx\shinyjewelsadx\chao.h(55): warning C4229: anachronism used: modifiers on data are ignored
f:\coding\samodding\shinyjewel\shinyjewelsadx\shinyjewelsadx\chao.h(59): warning C4229: anachronism used: modifiers on data are ignored
f:\coding\samodding\shinyjewel\shinyjewelsadx\shinyjewelsadx\chao.h(60): warning C4229: anachronism used: modifiers on data are ignored
f:\coding\samodding\shinyjewel\shinyjewelsadx\shinyjewelsadx\chao.h(61): warning C4229: anachronism used: modifiers on data are ignored
f:\coding\samodding\shinyjewel\shinyjewelsadx\shinyjewelsadx\chao.h(62): warning C4229: anachronism used: modifiers on data are ignored
f:\coding\samodding\shinyjewel\shinyjewelsadx\shinyjewelsadx\cwesadx.h(26): warning C4229: anachronism used: modifiers on data are ignored
f:\coding\samodding\shinyjewel\shinyjewelsadx\shinyjewelsadx\cwesadx.h(31): warning C4229: anachronism used: modifiers on data are ignored
f:\coding\samodding\shinyjewel\shinyjewelsadx\shinyjewelsadx\cwesadx.h(36): warning C4229: anachronism used: modifiers on data are ignored
f:\coding\samodding\shinyjewel\shinyjewelsadx\shinyjewelsadx\cwesadx.h(37): warning C4229: anachronism used: modifiers on data are ignored
f:\coding\samodding\shinyjewel\shinyjewelsadx\shinyjewelsadx\cwesadx.h(38): warning C4229: anachronism used: modifiers on data are ignored
f:\coding\samodding\shinyjewel\shinyjewelsadx\shinyjewelsadx\cwesadx.h(39): warning C4229: anachronism used: modifiers on data are ignored
f:\coding\samodding\shinyjewel\shinyjewelsadx\shinyjewelsadx\cwesadx.h(40): warning C4229: anachronism used: modifiers on data are ignored
f:\coding\samodding\shinyjewel\shinyjewelsadx\shinyjewelsadx\data\flower1.h(239): warning C4838: conversion from 'int' to 'Uint32' requires a narrowing conversion
f:\coding\samodding\shinyjewel\shinyjewelsadx\shinyjewelsadx\data\flower1.h(261): warning C4838: conversion from 'unsigned int' to 'Sint16' requires a narrowing conversion
f:\coding\samodding\shinyjewel\shinyjewelsadx\shinyjewelsadx\data\flower2.h(17): warning C4838: conversion from 'int' to 'Uint32' requires a narrowing conversion
f:\coding\samodding\shinyjewel\shinyjewelsadx\shinyjewelsadx\data\drumdc.h(19): warning C4838: conversion from 'int' to 'Uint32' requires a narrowing conversion
f:\coding\samodding\shinyjewel\shinyjewelsadx\shinyjewelsadx\data\drumdc.h(28): warning C4838: conversion from 'unsigned int' to 'Sint16' requires a narrowing conversion
f:\coding\samodding\shinyjewel\shinyjewelsadx\shinyjewelsadx\data\drumstickdc.h(18): warning C4838: conversion from 'int' to 'Uint32' requires a narrowing conversion
f:\coding\samodding\shinyjewel\shinyjewelsadx\shinyjewelsadx\data\drumstickdc.h(23): warning C4838: conversion from 'unsigned int' to 'Sint16' requires a narrowing conversion
f:\coding\samodding\shinyjewel\shinyjewelsadx\shinyjewelsadx\data\drumstickdc.h(31): warning C4838: conversion from 'unsigned int' to 'Sint16' requires a narrowing conversion
f:\coding\samodding\shinyjewel\shinyjewelsadx\shinyjewelsadx\data\trumpettoy.h(17): warning C4838: conversion from 'int' to 'Uint32' requires a narrowing conversion
f:\coding\samodding\shinyjewel\shinyjewelsadx\shinyjewelsadx\data\trumpettoy.h(39): warning C4838: conversion from 'unsigned int' to 'Sint16' requires a narrowing conversion
f:\coding\samodding\shinyjewel\shinyjewelsadx\shinyjewelsadx\dreamcast.cpp(17): warning C4305: '+=': truncation from 'double' to 'Float'
f:\coding\samodding\shinyjewel\shinyjewelsadx\shinyjewelsadx\dreamcast.cpp(27): warning C4305: '-=': truncation from 'double' to 'Float'
f:\coding\samodding\shinyjewel\shinyjewelsadx\shinyjewelsadx\dreamcast.cpp(51): warning C4244: '=': conversion from 'double' to 'int', possible loss of data
     Creating library C:\Program Files\Sega\SONICADVENTUREDX\mods\CWESADX\CWE.lib and object C:\Program Files\Sega\SONICADVENTUREDX\mods\CWESADX\CWE.exp
  Generating code
  63 of 958 functions ( 6.6%) were compiled, the rest were copied from previous compilation.
    11 functions were new in current compilation
    0 functions had inline decision re-evaluated but remain unchanged
  Finished generating code
  ShinyJewelSADX.vcxproj -> C:\Program Files\Sega\SONICADVENTUREDX\mods\CWESADX\CWE.dll
